<?xml version="1.0" encoding="UTF-8"?>
<!-- Generated by org.testng.reporters.JUnitXMLReporter -->
<testsuite ignored="0" hostname="DESKTOP-ICO179S" failures="5" tests="5" name="Test" time="37.807" errors="0" timestamp="2023-08-11T16:23:23 IST">
  <testcase classname="com.eBanking.testCases.TC_LoginDDT_002" name="LoginDDT" time="13.138">
    <failure type="java.lang.AssertionError" message="expected [true] but found [false]">
      <![CDATA[java.lang.AssertionError: expected [true] but found [false]
at com.eBanking.testCases.TC_LoginDDT_002.LoginDDT(TC_LoginDDT_002.java:30)
at java.base/java.util.ArrayList.forEach(ArrayList.java:1511)
... Removed 31 stack frames]]>
    </failure>
  </testcase> <!-- LoginDDT -->
  <testcase classname="com.eBanking.testCases.TC_LoginDDT_002" name="LoginDDT" time="4.402">
    <failure type="java.lang.AssertionError" message="expected [true] but found [false]">
      <![CDATA[java.lang.AssertionError: expected [true] but found [false]
at com.eBanking.testCases.TC_LoginDDT_002.LoginDDT(TC_LoginDDT_002.java:30)
at java.base/java.util.ArrayList.forEach(ArrayList.java:1511)
... Removed 31 stack frames]]>
    </failure>
  </testcase> <!-- LoginDDT -->
  <testcase classname="com.eBanking.testCases.TC_LoginDDT_002" name="LoginDDT" time="4.765">
    <failure type="java.lang.AssertionError" message="expected [true] but found [false]">
      <![CDATA[java.lang.AssertionError: expected [true] but found [false]
at com.eBanking.testCases.TC_LoginDDT_002.LoginDDT(TC_LoginDDT_002.java:30)
at java.base/java.util.ArrayList.forEach(ArrayList.java:1511)
... Removed 31 stack frames]]>
    </failure>
  </testcase> <!-- LoginDDT -->
  <testcase classname="com.eBanking.testCases.TC_LoginDDT_002" name="LoginDDT" time="3.845">
    <failure type="java.lang.AssertionError" message="expected [true] but found [false]">
      <![CDATA[java.lang.AssertionError: expected [true] but found [false]
at com.eBanking.testCases.TC_LoginDDT_002.LoginDDT(TC_LoginDDT_002.java:30)
at java.base/java.util.ArrayList.forEach(ArrayList.java:1511)
... Removed 31 stack frames]]>
    </failure>
  </testcase> <!-- LoginDDT -->
  <testcase classname="com.eBanking.testCases.TC_LoginDDT_002" name="LoginDDT" time="3.599">
    <failure type="java.lang.AssertionError" message="expected [true] but found [false]">
      <![CDATA[java.lang.AssertionError: expected [true] but found [false]
at com.eBanking.testCases.TC_LoginDDT_002.LoginDDT(TC_LoginDDT_002.java:30)
at java.base/java.util.ArrayList.forEach(ArrayList.java:1511)
... Removed 31 stack frames]]>
    </failure>
  </testcase> <!-- LoginDDT -->
</testsuite> <!-- Test -->
